<?xml version="1.0" encoding="UTF-8"?>
<!-- Generated by org.testng.reporters.JUnitXMLReporter -->
<testsuite hostname="PrabhatMacBookPro.local" ignored="0" name="Regression" tests="4" failures="0" timestamp="2021-01-02T14:14:52 IST" time="0.035" errors="0">
  <testcase name="loginPage" time="0.004" classname="APITests.VerifyTest"/>
  <testcase name="newTest" time="0.005" classname="APITests.NewTestToVerifyTestng"/>
  <testcase name="secondMethod" time="0.001" classname="APITests.NewTestToVerifyTestng"/>
  <testcase name="validateHomePage" time="0.002" classname="APITests.VerifyTest"/>
</testsuite> <!-- Regression -->
