<?xml version="1.0" encoding="UTF-8"?>
<testsuite xmlns:xsi="http://www.w3.org/2001/XMLSchema-instance" xsi:noNamespaceSchemaLocation="https://maven.apache.org/surefire/maven-surefire-plugin/xsd/surefire-test-report-3.0.xsd" version="3.0" name="TestSuite" time="3.324" tests="5" errors="0" skipped="0" failures="4">
  <properties>
[...]
</properties>
  <testcase name="deleteData" classname="TestDataRestAssured" time="1.272">
    <failure message="Connection refused (Connection refused)" type="java.net.ConnectException"><![CDATA[java.net.ConnectException: Connection refused (Connection refused)
	at TestDataRestAssured.deleteData(TestDataRestAssured.java:57)
]]></failure>
  </testcase>
  <testcase name="deleteData" classname="TestDataRestAssured" time="0.011">
    <failure message="Connection refused (Connection refused)" type="java.net.ConnectException"><![CDATA[java.net.ConnectException: Connection refused (Connection refused)
	at TestDataRestAssured.deleteData(TestDataRestAssured.java:57)
]]></failure>
  </testcase>
  <testcase name="deleteData" classname="TestDataRestAssured" time="0.013">
    <failure message="Connection refused (Connection refused)" type="java.net.ConnectException"><![CDATA[java.net.ConnectException: Connection refused (Connection refused)
	at TestDataRestAssured.deleteData(TestDataRestAssured.java:57)
]]></failure>
  </testcase>
  <testcase name="deleteData" classname="TestDataRestAssured" time="0.013">
    <failure message="Connection refused (Connection refused)" type="java.net.ConnectException"><![CDATA[java.net.ConnectException: Connection refused (Connection refused)
	at TestDataRestAssured.deleteData(TestDataRestAssured.java:57)
]]></failure>
  </testcase>
  <testcase name="Test01_GET" classname="Test01_GET" time="1.626"/>
</testsuite>