<?xml version="1.0" encoding="UTF-8"?>
<testng-results skipped="0" failed="0" ignored="0" total="1" passed="1">
  <reporter-output>
  </reporter-output>
  <suite name="Default suite" duration-ms="2490" started-at="2021-01-03T23:11:55 IST" finished-at="2021-01-03T23:11:57 IST">
    <groups>
    </groups>
    <test name="Default test" duration-ms="2490" started-at="2021-01-03T23:11:55 IST" finished-at="2021-01-03T23:11:57 IST">
      <class name="dataDrivenTestClass">
        <test-method status="PASS" signature="setUpFramework()[pri:0, instance:dataDrivenTestClass@6895a785]" name="setUpFramework" is-config="true" duration-ms="474" started-at="2021-01-03T23:11:54 IST" finished-at="2021-01-03T23:11:55 IST">
          <reporter-output>
          </reporter-output>
        </test-method> <!-- setUpFramework -->
        <test-method status="PASS" signature="beforeTest()[pri:0, instance:dataDrivenTestClass@6895a785]" name="beforeTest" is-config="true" duration-ms="1" started-at="2021-01-03T23:11:55 IST" finished-at="2021-01-03T23:11:55 IST">
          <reporter-output>
          </reporter-output>
        </test-method> <!-- beforeTest -->
        <test-method status="PASS" signature="beforeClass()[pri:0, instance:dataDrivenTestClass@6895a785]" name="beforeClass" is-config="true" duration-ms="0" started-at="2021-01-03T23:11:55 IST" finished-at="2021-01-03T23:11:55 IST">
          <reporter-output>
          </reporter-output>
        </test-method> <!-- beforeClass -->
        <test-method status="PASS" signature="beforeMethod(java.lang.reflect.Method)[pri:0, instance:dataDrivenTestClass@6895a785]" name="beforeMethod" is-config="true" duration-ms="1" started-at="2021-01-03T23:11:55 IST" finished-at="2021-01-03T23:11:55 IST">
          <params>
            <param index="0">
              <value>
                <![CDATA[public void dataDrivenTestClass.getCustomers()]]>
              </value>
            </param>
          </params>
          <reporter-output>
          </reporter-output>
        </test-method> <!-- beforeMethod -->
        <test-method status="PASS" signature="getCustomers()[pri:0, instance:dataDrivenTestClass@6895a785]" name="getCustomers" duration-ms="2451" started-at="2021-01-03T23:11:55 IST" finished-at="2021-01-03T23:11:57 IST">
          <reporter-output>
          </reporter-output>
        </test-method> <!-- getCustomers -->
        <test-method status="PASS" signature="afterMethod(org.testng.ITestResult)[pri:0, instance:dataDrivenTestClass@6895a785]" name="afterMethod" is-config="true" duration-ms="0" started-at="2021-01-03T23:11:57 IST" finished-at="2021-01-03T23:11:57 IST">
          <params>
            <param index="0">
              <value>
                <![CDATA[[TestResult name=getCustomers status=SUCCESS method=dataDrivenTestClass.getCustomers()[pri:0, instance:dataDrivenTestClass@6895a785] output={null}]]]>
              </value>
            </param>
          </params>
          <reporter-output>
          </reporter-output>
        </test-method> <!-- afterMethod -->
        <test-method status="PASS" signature="afterClass()[pri:0, instance:dataDrivenTestClass@6895a785]" name="afterClass" is-config="true" duration-ms="0" started-at="2021-01-03T23:11:57 IST" finished-at="2021-01-03T23:11:57 IST">
          <reporter-output>
          </reporter-output>
        </test-method> <!-- afterClass -->
        <test-method status="PASS" signature="afterTest()[pri:0, instance:dataDrivenTestClass@6895a785]" name="afterTest" is-config="true" duration-ms="0" started-at="2021-01-03T23:11:57 IST" finished-at="2021-01-03T23:11:57 IST">
          <reporter-output>
          </reporter-output>
        </test-method> <!-- afterTest -->
        <test-method status="PASS" signature="cleanUp()[pri:0, instance:dataDrivenTestClass@6895a785]" name="cleanUp" is-config="true" duration-ms="1" started-at="2021-01-03T23:11:57 IST" finished-at="2021-01-03T23:11:57 IST">
          <reporter-output>
          </reporter-output>
        </test-method> <!-- cleanUp -->
      </class> <!-- dataDrivenTestClass -->
    </test> <!-- Default test -->
  </suite> <!-- Default suite -->
</testng-results>
